*** Using Compiler 'V6.21', folder: 'D:\programfiles\Keil_5\ARM\ARMCLANG\Bin'
Build target 'AeroX_test'
Note: source file '..\Project\utils\math\math_matrix.cpp' - object file renamed from 'AeroX_test\math_matrix.o' to 'AeroX_test\math_matrix_1.o'.Note: source file '..\Project\Test\test.cpp' - object file renamed from 'AeroX_test\test.o' to 'AeroX_test\test_1.o'.Note: source file '..\Project\task\taskManager.cpp' - object file renamed from 'AeroX_test\taskManager.o' to 'AeroX_test\taskmanager_1.o'.compiling stm32h7xx_it.c...
compiling stm32h7xx_hal_rcc.c...
compiling stm32h7xx_hal_timebase_tim.c...
compiling stm32h7xx_hal_msp.c...
compiling freertos.c...
compiling stm32h7xx_hal_cortex.c...
compiling memorymap.c...
compiling gpio.c...
compiling dma.c...
compiling spi.c...
compiling i2c.c...
compiling fdcan.c...
compiling main.c...
compiling tim.c...
compiling usart.c...
compiling stm32h7xx_hal_flash.c...
compiling stm32h7xx_hal_gpio.c...
compiling stm32h7xx_hal_hsem.c...
compiling stm32h7xx_hal_rcc_ex.c...
compiling stm32h7xx_hal_flash_ex.c...
compiling stm32h7xx_hal_pwr.c...
compiling stm32h7xx_hal_mdma.c...
compiling stm32h7xx_hal_dma_ex.c...
compiling stm32h7xx_hal_i2c_ex.c...
compiling stm32h7xx_hal_spi_ex.c...
compiling stm32h7xx_hal_pwr_ex.c...
compiling stm32h7xx_hal_exti.c...
compiling stm32h7xx_hal.c...
compiling croutine.c...
compiling stm32h7xx_hal_dma.c...
compiling stm32h7xx_hal_uart_ex.c...
compiling event_groups.c...
compiling list.c...
compiling system_stm32h7xx.c...
compiling stm32h7xx_hal_spi.c...
compiling stream_buffer.c...
compiling timers.c...
compiling heap_4.c...
compiling stm32h7xx_hal_tim_ex.c...
compiling stm32h7xx_hal_fdcan.c...
compiling port.c...
compiling AttitudeManager.cpp...
compiling queue.c...
compiling math_bits.c...
compiling tasks.c...
compiling math_angle.c...
compiling stm32h7xx_hal_uart.c...
compiling math_common.c...
compiling time_delay.cpp...
compiling MahonyAHRS.cpp...
compiling cmsis_os2.c...
compiling time_timestamp.cpp...
compiling stm32h7xx_hal_i2c.c...
compiling QuaternionEKF.cpp...
compiling math_matrix.c...
compiling time_watch.cpp...
compiling time_timeoutChecker.cpp...
compiling stm32h7xx_hal_tim.c...
compiling BMI088.cpp...
compiling math_quaternion.cpp...
compiling math_matrix.cpp...
compiling up_t201.cpp...
compiling fdcan_drv.c...
compiling tim_drv.c...
compiling allocator.cpp...
compiling time_utils.cpp...
compiling ws2812.cpp...
compiling pid.cpp...
compiling test.c...
compiling nrf.cpp...
compiling lidar.cpp...
compiling spl06.cpp...
compiling vofa.cpp...
compiling math_sort.cpp...
compiling control.cpp...
compiling taskManager.c...
compiling slope_smoother.cpp...
compiling motor.cpp...
compiling sdc_dual.cpp...
compiling chassis.cpp...
compiling move.cpp...
compiling BasicMathFunctionsF16.c...
compiling BayesFunctions.c...
compiling BasicMathFunctions.c...
compiling BayesFunctionsF16.c...
compiling upt20x.cpp...
compiling watchdog.cpp...
compiling scheduler.cpp...
compiling config.cpp...
compiling test.cpp...
compiling ComplexMathFunctionsF16.c...
compiling ComplexMathFunctions.c...
compiling ControllerFunctions.c...
compiling CommonTablesF16.c...
compiling DistanceFunctionsF16.c...
compiling control_tunning.cpp...
compiling FastMathFunctionsF16.c...
compiling DistanceFunctions.c...
compiling taskAttitude.cpp...
compiling taskManager.cpp...
compiling FilteringFunctionsF16.c...
compiling InterpolationFunctions.c...
compiling FastMathFunctions.c...
compiling InterpolationFunctionsF16.c...
compiling taskStabilize.cpp...
compiling appCallback.cpp...
compiling QuaternionMathFunctions.c...
compiling SVMFunctionsF16.c...
compiling SVMFunctions.c...
compiling taskCommuCheck.cpp...
compiling StatisticsFunctionsF16.c...
compiling taskNrfResponse.cpp...
compiling SupportFunctionsF16.c...
compiling retarget_io.c...
compiling CommonTables.c...
compiling MatrixFunctionsF16.c...
compiling SupportFunctions.c...
compiling taskMovement.cpp...
compiling TransformFunctionsF16.c...
compiling StatisticsFunctions.c...
compiling MatrixFunctions.c...
compiling TransformFunctions.c...
compiling FilteringFunctions.c...
linking...
Program Size: Code=172172 RO-data=13192 RW-data=28 ZI-data=26500  
FromELF: creating hex file...
"AeroX_test\AeroX_test.axf" - 0 Error(s), 0 Warning(s).
Build Time Elapsed:  00:00:24
